d:\session4\game\ex\tp1\invasionofmars - projetdedépart\invasionofmars\invasionofmars\debug\vc142.pdb
d:\session4\game\ex\tp1\invasionofmars - projetdedépart\invasionofmars\invasionofmars\debug\vc142.idb
d:\session4\game\ex\tp1\invasionofmars - projetdedépart\invasionofmars\invasionofmars\debug\player.obj
d:\session4\game\ex\tp1\invasionofmars - projetdedépart\invasionofmars\invasionofmars\debug\main.obj
d:\session4\game\ex\tp1\invasionofmars - projetdedépart\invasionofmars\invasionofmars\debug\hud.obj
d:\session4\game\ex\tp1\invasionofmars - projetdedépart\invasionofmars\invasionofmars\debug\gun.obj
d:\session4\game\ex\tp1\invasionofmars - projetdedépart\invasionofmars\invasionofmars\debug\gameobject.obj
d:\session4\game\ex\tp1\invasionofmars - projetdedépart\invasionofmars\invasionofmars\debug\game.obj
d:\session4\game\ex\tp1\invasionofmars - projetdedépart\invasionofmars\invasionofmars\debug\contentmanager.obj
d:\session4\game\ex\tp1\invasionofmars - projetdedépart\invasionofmars\invasionofmars\debug\collisioncircle.obj
d:\session4\game\ex\tp1\invasionofmars - projetdedépart\invasionofmars\invasionofmars\debug\bullet.obj
d:\session4\game\ex\tp1\invasionofmars - projetdedépart\invasionofmars\invasionofmars\debug\bonus.obj
d:\session4\game\ex\tp1\invasionofmars - projetdedépart\invasionofmars\invasionofmars\debug\alien.obj
d:\session4\game\ex\tp1\invasionofmars - projetdedépart\invasionofmars\invasionofmars\debug\invasionofmars.ilk
d:\session4\game\ex\tp1\invasionofmars - projetdedépart\invasionofmars\debug\invasionofmars.exe
d:\session4\game\ex\tp1\invasionofmars - projetdedépart\invasionofmars\debug\invasionofmars.pdb
d:\session4\game\ex\tp1\invasionofmars - projetdedépart\invasionofmars\invasionofmars\debug\invasionofmars.tlog\cl.command.1.tlog
d:\session4\game\ex\tp1\invasionofmars - projetdedépart\invasionofmars\invasionofmars\debug\invasionofmars.tlog\cl.read.1.tlog
d:\session4\game\ex\tp1\invasionofmars - projetdedépart\invasionofmars\invasionofmars\debug\invasionofmars.tlog\cl.write.1.tlog
d:\session4\game\ex\tp1\invasionofmars - projetdedépart\invasionofmars\invasionofmars\debug\invasionofmars.tlog\link.command.1.tlog
d:\session4\game\ex\tp1\invasionofmars - projetdedépart\invasionofmars\invasionofmars\debug\invasionofmars.tlog\link.read.1.tlog
d:\session4\game\ex\tp1\invasionofmars - projetdedépart\invasionofmars\invasionofmars\debug\invasionofmars.tlog\link.write.1.tlog
